<?xml version="1.0" encoding="UTF-8"?>
<!-- Generated by org.testng.reporters.JUnitXMLReporter -->
<testsuite ignored="0" hostname="DESKTOP-5V1E4E3" failures="0" tests="4" name="Test" time="75.871" errors="0" timestamp="21 Nov 2022 11:45:32 GMT">
  <testcase classname="com.testng.project.GroupingInTest" name="amazon" time="62.974"/>
  <testcase classname="com.testng.project.GroupInTestTwo" name="amazon" time="63.009"/>
  <testcase classname="com.testng.project.GroupingInTest" name="flipKart" time="75.206"/>
  <testcase classname="com.testng.project.GroupInTestTwo" name="flipKart" time="75.787"/>
</testsuite> <!-- Test -->
