<?xml version="1.0" encoding="UTF-8"?>
<testng-results ignored="0" total="1" passed="1" failed="0" skipped="0">
  <reporter-output>
  </reporter-output>
  <suite started-at="2022-11-21T11:52:50Z" name="Default suite" finished-at="2022-11-21T11:53:02Z" duration-ms="11913">
    <groups>
    </groups>
    <test started-at="2022-11-21T11:52:50Z" name="Default test" finished-at="2022-11-21T11:53:02Z" duration-ms="11913">
      <class name="com.testng.project.FaceBookMainPage">
        <test-method is-config="true" signature="browserLaunch()[pri:0, instance:com.testng.project.FaceBookMainPage@8e50104]" started-at="2022-11-21T11:52:50Z" name="browserLaunch" finished-at="2022-11-21T11:53:00Z" duration-ms="10499" status="PASS">
          <reporter-output>
          </reporter-output>
        </test-method> <!-- browserLaunch -->
        <test-method signature="faceBookMain()[pri:0, instance:com.testng.project.FaceBookMainPage@8e50104]" started-at="2022-11-21T11:53:00Z" name="faceBookMain" finished-at="2022-11-21T11:53:01Z" duration-ms="749" status="PASS">
          <reporter-output>
          </reporter-output>
        </test-method> <!-- faceBookMain -->
        <test-method is-config="true" signature="browserClose()[pri:0, instance:com.testng.project.FaceBookMainPage@8e50104]" started-at="2022-11-21T11:53:01Z" name="browserClose" finished-at="2022-11-21T11:53:02Z" duration-ms="617" status="PASS">
          <reporter-output>
          </reporter-output>
        </test-method> <!-- browserClose -->
      </class> <!-- com.testng.project.FaceBookMainPage -->
    </test> <!-- Default test -->
  </suite> <!-- Default suite -->
</testng-results>
