<?xml version="1.0" encoding="UTF-8"?>
<!-- Generated by org.testng.reporters.JUnitXMLReporter -->
<testsuite ignored="0" hostname="DESKTOP-5V1E4E3" failures="0" tests="7" name="Test" time="27.396" errors="0" timestamp="2022-11-17T17:19:33 IST">
  <testcase classname="testngProject.TestngProjectDemoThird" name="browserLaunch" time="10.769"/>
  <testcase classname="testngProject.TestngProjectDemoThird" name="browserLaunch" time="6.917"/>
  <testcase classname="testngProject.TestngProjectDemoThird" name="browserLaunch" time="9.575"/>
  <testcase classname="testngProject.PriorityInTestNG" name="seleniumClass" time="0.002"/>
  <testcase classname="testngProject.PriorityInTestNG" name="javaClass" time="0.002"/>
  <testcase classname="testngProject.PriorityInTestNG" name="demoClass" time="0.001"/>
  <testcase classname="testngProject.PriorityInTestNG" name="frameworkClass" time="0.001"/>
</testsuite> <!-- Test -->
