<?xml version="1.0" encoding="UTF-8"?>
<testng-results ignored="0" total="7" passed="7" failed="0" skipped="0">
  <reporter-output>
  </reporter-output>
  <suite started-at="2022-11-17T17:19:05 IST" name="Suite" finished-at="2022-11-17T17:19:32 IST" duration-ms="27396">
    <groups>
    </groups>
    <test started-at="2022-11-17T17:19:05 IST" name="Test" finished-at="2022-11-17T17:19:32 IST" duration-ms="27396">
      <class name="testngProject.PriorityInTestNG">
        <test-method signature="seleniumClass()[pri:-1, instance:testngProject.PriorityInTestNG@6497b078]" started-at="2022-11-17T17:19:32 IST" name="seleniumClass" finished-at="2022-11-17T17:19:32 IST" duration-ms="2" status="PASS">
          <reporter-output>
          </reporter-output>
        </test-method> <!-- seleniumClass -->
        <test-method signature="javaClass()[pri:0, instance:testngProject.PriorityInTestNG@6497b078]" started-at="2022-11-17T17:19:32 IST" name="javaClass" finished-at="2022-11-17T17:19:32 IST" duration-ms="2" status="PASS">
          <reporter-output>
          </reporter-output>
        </test-method> <!-- javaClass -->
        <test-method signature="demoClass()[pri:1, instance:testngProject.PriorityInTestNG@6497b078]" started-at="2022-11-17T17:19:32 IST" name="demoClass" finished-at="2022-11-17T17:19:32 IST" duration-ms="1" status="PASS">
          <reporter-output>
          </reporter-output>
        </test-method> <!-- demoClass -->
        <test-method signature="frameworkClass()[pri:2, instance:testngProject.PriorityInTestNG@6497b078]" started-at="2022-11-17T17:19:32 IST" name="frameworkClass" finished-at="2022-11-17T17:19:32 IST" duration-ms="1" status="PASS">
          <reporter-output>
          </reporter-output>
        </test-method> <!-- frameworkClass -->
      </class> <!-- testngProject.PriorityInTestNG -->
      <class name="testngProject.TestngProjectDemoThird">
        <test-method signature="browserLaunch()[pri:0, instance:testngProject.TestngProjectDemoThird@1329eff]" started-at="2022-11-17T17:19:05 IST" name="browserLaunch" finished-at="2022-11-17T17:19:15 IST" duration-ms="10769" status="PASS">
          <reporter-output>
          </reporter-output>
        </test-method> <!-- browserLaunch -->
        <test-method signature="browserLaunch()[pri:0, instance:testngProject.TestngProjectDemoThird@1329eff]" started-at="2022-11-17T17:19:15 IST" name="browserLaunch" finished-at="2022-11-17T17:19:22 IST" duration-ms="6917" status="PASS">
          <reporter-output>
          </reporter-output>
        </test-method> <!-- browserLaunch -->
        <test-method signature="browserLaunch()[pri:0, instance:testngProject.TestngProjectDemoThird@1329eff]" started-at="2022-11-17T17:19:22 IST" name="browserLaunch" finished-at="2022-11-17T17:19:32 IST" duration-ms="9575" status="PASS">
          <reporter-output>
          </reporter-output>
        </test-method> <!-- browserLaunch -->
      </class> <!-- testngProject.TestngProjectDemoThird -->
    </test> <!-- Test -->
  </suite> <!-- Suite -->
</testng-results>
