<?xml version="1.0" encoding="UTF-8"?>
<!-- Generated by org.testng.reporters.JUnitXMLReporter -->
<testsuite ignored="0" hostname="DESKTOP-5V1E4E3" failures="0" tests="3" name="Default test" time="24.1" errors="0" timestamp="2022-11-17T17:16:01 IST">
  <testcase classname="testngProject.TestngProjectDemoThird" name="browserLaunch" time="9.169"/>
  <testcase classname="testngProject.TestngProjectDemoThird" name="browserLaunch" time="6.641"/>
  <testcase classname="testngProject.TestngProjectDemoThird" name="browserLaunch" time="8.213"/>
</testsuite> <!-- Default test -->
